\BOOKMARK [1][-]{section.1}{CERN Summer Programme}{}% 1
\BOOKMARK [1][-]{section.2}{ESA}{}% 2
\BOOKMARK [1][-]{section.3}{Fermilab}{}% 3
\BOOKMARK [1][-]{section.4}{Imperial College London - UROP}{}% 4
\BOOKMARK [1][-]{section.5}{Modena e Reggio Emilia}{}% 5
\BOOKMARK [1][-]{section.6}{INFN, Trieste}{}% 6
\BOOKMARK [1][-]{section.7}{Student placement - ESA Space Science}{}% 7
\BOOKMARK [1][-]{section.8}{SURF - Caltech}{}% 8
\BOOKMARK [1][-]{section.9}{FuseNet}{}% 9
\BOOKMARK [1][-]{section.10}{Culham Plasma Physics Summer School}{}% 10
\BOOKMARK [1][-]{section.11}{Oxford University - Summer Placements}{}% 11
\BOOKMARK [1][-]{section.12}{Australian Astronomical Observatory}{}% 12
\BOOKMARK [1][-]{section.13}{Edinburgh University - summer placements}{}% 13
\BOOKMARK [1][-]{section.14}{Introduction to Complex Systems}{}% 14
\BOOKMARK [1][-]{section.15}{DESY Summer Student Programme}{}% 15
\BOOKMARK [1][-]{section.16}{Nanomaterials: Science and Applications}{}% 16
\BOOKMARK [1][-]{section.17}{X-Ray and Neutron Science Program - ESRF \046 ILL}{}% 17
\BOOKMARK [1][-]{section.18}{The Leiden/ESA Astrophysics Program}{}% 18
\BOOKMARK [1][-]{section.19}{Space Astronomy Summer Program STScl}{}% 19
\BOOKMARK [1][-]{section.20}{LPI Summer Intern Program in Planetary Science}{}% 20
\BOOKMARK [1][-]{section.21}{Exploration Science Summer Intern Program}{}% 21
\BOOKMARK [1][-]{section.22}{CUREA program}{}% 22
\BOOKMARK [1][-]{section.23}{Dorrit Hoffleit Undergraduate Research Scholarship}{}% 23
\BOOKMARK [1][-]{section.24}{ASTRON/JIVE INTERNATIONAL SUMMER STUDENT PROGRAMME}{}% 24
\BOOKMARK [1][-]{section.25}{Nicolaus Copernicus Astronomical Center}{}% 25
\BOOKMARK [1][-]{section.26}{ASIAA Summer Student Program}{}% 26
\BOOKMARK [1][-]{section.27}{Technological development grants IAC}{}% 27
\BOOKMARK [1][-]{section.28}{ESAC Trainees Program Space Science}{}% 28
\BOOKMARK [1][-]{section.29}{CNR-IFN, Istituto di Fotonica e Nanotecnologie - Trento Nanotecnologie}{}% 29
\BOOKMARK [1][-]{section.30}{Istituto Nazionale di Ricerca Metrologica \(INRIM\)}{}% 30
\BOOKMARK [1][-]{section.31}{SLAC/INFN Summer Exchanges}{}% 31
\BOOKMARK [1][-]{section.32}{AstroBetter Astrofisica \(piccolo database di internship\)}{}% 32
\BOOKMARK [1][-]{section.33}{Anglo-Australian Obervatory Astrofisica}{}% 33
\BOOKMARK [1][-]{section.34}{ Stage - DESY}{}% 34
\BOOKMARK [1][-]{section.35}{IAESTE}{}% 35
\BOOKMARK [1][-]{section.36}{Diamond Light Source}{}% 36
\BOOKMARK [1][-]{section.37}{SELEX-ES}{}% 37
\BOOKMARK [1][-]{section.38}{Ogden Centre - Teach Physics Internship}{}% 38
\BOOKMARK [1][-]{section.39}{Biophysics Sciences Institute Summer Bursaries}{}% 39
\BOOKMARK [1][-]{section.40}{Cavendish Nuclear}{}% 40
\BOOKMARK [1][-]{section.41}{Scuola Superiore Sant'Anna Pisa}{}% 41
\BOOKMARK [1][-]{section.42}{Dipartimento di Fisica \(PISA\)}{}% 42
\BOOKMARK [1][-]{section.43}{University of Copenhagen }{}% 43
\BOOKMARK [1][-]{section.44}{Summer School in Fisica e Tecnologie Nucleari}{}% 44
\BOOKMARK [1][-]{section.45}{Programma estivo di ricerca in Taiwan}{}% 45
